<?xml version="1.0" encoding="UTF-8"?>
<testsuite name="study.querydsl.QuerydslApplicationTests" tests="1" skipped="0" failures="0" errors="0" timestamp="2024-07-23T11:13:08" hostname="jeonghoeyul-ui-MacBookPro.local" time="0.483">
  <properties/>
  <testcase name="contextLoads()" classname="study.querydsl.QuerydslApplicationTests" time="0.483"/>
  <system-out><![CDATA[20:13:06.754 [Test worker] INFO org.springframework.test.context.support.AnnotationConfigContextLoaderUtils -- Could not detect default configuration classes for test class [study.querydsl.QuerydslApplicationTests]: QuerydslApplicationTests does not declare any static, non-private, non-final, nested classes annotated with @Configuration.
20:13:06.813 [Test worker] INFO org.springframework.boot.test.context.SpringBootTestContextBootstrapper -- Found @SpringBootConfiguration study.querydsl.QuerydslApplication for test class study.querydsl.QuerydslApplicationTests

  .   ____          _            __ _ _
 /\\ / ___'_ __ _ _(_)_ __  __ _ \ \ \ \
( ( )\___ | '_ | '_| | '_ \/ _` | \ \ \ \
 \\/  ___)| |_)| | | | | || (_| |  ) ) ) )
  '  |____| .__|_| |_|_| |_\__, | / / / /
 =========|_|==============|___/=/_/_/_/
 :: Spring Boot ::                (v3.2.4)

2024-07-23T20:13:07.022+09:00  INFO 5868 --- [querydsl] [    Test worker] s.querydsl.QuerydslApplicationTests      : Starting QuerydslApplicationTests using Java 18.0.2.1 with PID 5868 (started by jeonghoeyul in /Users/jeonghoeyul/Desktop/source/git/QueryDSL)
2024-07-23T20:13:07.023+09:00  INFO 5868 --- [querydsl] [    Test worker] s.querydsl.QuerydslApplicationTests      : No active profile set, falling back to 1 default profile: "default"
2024-07-23T20:13:07.365+09:00  INFO 5868 --- [querydsl] [    Test worker] .s.d.r.c.RepositoryConfigurationDelegate : Bootstrapping Spring Data JPA repositories in DEFAULT mode.
2024-07-23T20:13:07.376+09:00  INFO 5868 --- [querydsl] [    Test worker] .s.d.r.c.RepositoryConfigurationDelegate : Finished Spring Data repository scanning in 6 ms. Found 0 JPA repository interfaces.
2024-07-23T20:13:07.608+09:00  INFO 5868 --- [querydsl] [    Test worker] com.zaxxer.hikari.HikariDataSource       : HikariPool-1 - Starting...
2024-07-23T20:13:07.720+09:00  INFO 5868 --- [querydsl] [    Test worker] com.zaxxer.hikari.pool.HikariPool        : HikariPool-1 - Added connection conn0: url=jdbc:h2:mem:bbc3fd79-45cc-4c59-bbf2-e381a61d1e9c user=SA
2024-07-23T20:13:07.721+09:00  INFO 5868 --- [querydsl] [    Test worker] com.zaxxer.hikari.HikariDataSource       : HikariPool-1 - Start completed.
2024-07-23T20:13:07.753+09:00  INFO 5868 --- [querydsl] [    Test worker] o.hibernate.jpa.internal.util.LogHelper  : HHH000204: Processing PersistenceUnitInfo [name: default]
2024-07-23T20:13:07.796+09:00  INFO 5868 --- [querydsl] [    Test worker] org.hibernate.Version                    : HHH000412: Hibernate ORM core version 6.4.4.Final
2024-07-23T20:13:07.821+09:00  INFO 5868 --- [querydsl] [    Test worker] o.h.c.internal.RegionFactoryInitiator    : HHH000026: Second-level cache disabled
2024-07-23T20:13:07.957+09:00  INFO 5868 --- [querydsl] [    Test worker] o.s.o.j.p.SpringPersistenceUnitInfo      : No LoadTimeWeaver setup: ignoring JPA class transformer
2024-07-23T20:13:08.178+09:00  INFO 5868 --- [querydsl] [    Test worker] o.h.e.t.j.p.i.JtaPlatformInitiator       : HHH000489: No JTA platform available (set 'hibernate.transaction.jta.platform' to enable JTA platform integration)
2024-07-23T20:13:08.181+09:00  INFO 5868 --- [querydsl] [    Test worker] j.LocalContainerEntityManagerFactoryBean : Initialized JPA EntityManagerFactory for persistence unit 'default'
2024-07-23T20:13:08.275+09:00  WARN 5868 --- [querydsl] [    Test worker] JpaBaseConfiguration$JpaWebConfiguration : spring.jpa.open-in-view is enabled by default. Therefore, database queries may be performed during view rendering. Explicitly configure spring.jpa.open-in-view to disable this warning
2024-07-23T20:13:08.519+09:00  INFO 5868 --- [querydsl] [    Test worker] s.querydsl.QuerydslApplicationTests      : Started QuerydslApplicationTests in 1.626 seconds (process running for 2.26)
]]></system-out>
  <system-err><![CDATA[]]></system-err>
</testsuite>
